Added Component: Designator=B1(Button_Mouse_3)
Added Component: Designator=B2(Button_Mouse_3)
Added Component: Designator=BAT1(BAT_NUM5_2)
Added Component: Designator=C1(0603P)
Added Component: Designator=C2(TAJ_A)
Added Component: Designator=C3(TAJ_A)
Added Component: Designator=C4(0603P)
Added Component: Designator=C5(0603P)
Added Component: Designator=C6(TAJ_A)
Added Component: Designator=C7(0603P)
Added Component: Designator=C8(0603P)
Added Component: Designator=C9(0603P)
Added Component: Designator=C10(0603P)
Added Component: Designator=C11(0603P)
Added Component: Designator=C12(0603P)
Added Component: Designator=C13(0603P)
Added Component: Designator=C14(0603P)
Added Component: Designator=C15(0603P)
Added Component: Designator=C16(0603P)
Added Component: Designator=C17(0603P)
Added Component: Designator=C18(0603P)
Added Component: Designator=C19(0603P)
Added Component: Designator=C20(0603P)
Added Component: Designator=C21(0603P)
Added Component: Designator=DS1(SMDLED)
Added Component: Designator=DS2(SMDLED)
Added Component: Designator=DS3(SMDLED)
Added Component: Designator=DS4(SMDLED)
Added Component: Designator=DS5(SMDLED)
Added Component: Designator=H1(KEY_B)
Added Component: Designator=H2(Header 8)
Added Component: Designator=JTAG1(HEAD5)
Added Component: Designator=JTAG2(HEAD5)
Added Component: Designator=K1(KEY2)
Added Component: Designator=K2(KEY2)
Added Component: Designator=K3(KEY2)
Added Component: Designator=L1(0603P)
Added Component: Designator=L2(0603P)
Added Component: Designator=L3(0603P)
Added Component: Designator=MOS1(SOT-23)
Added Component: Designator=P1(HDR1X2)
Added Component: Designator=P2(HDR1X2)
Added Component: Designator=P3(HDR2X2)
Added Component: Designator=P4(HDR1X2)
Added Component: Designator=Q1(SOT-23)
Added Component: Designator=R1(0603P)
Added Component: Designator=R2(0603P)
Added Component: Designator=R3(0603P)
Added Component: Designator=R4(0603P)
Added Component: Designator=R5(0603P)
Added Component: Designator=R6(0603P)
Added Component: Designator=R7(0603P)
Added Component: Designator=R8(0603P)
Added Component: Designator=R9(0603P)
Added Component: Designator=R10(0603P)
Added Component: Designator=R11(0603P)
Added Component: Designator=R12(0603P)
Added Component: Designator=R13(0603P)
Added Component: Designator=R14(0603P)
Added Component: Designator=R15(0603P)
Added Component: Designator=R16(0603P)
Added Component: Designator=R17(0603P)
Added Component: Designator=R18(0603P)
Added Component: Designator=R19(0603P)
Added Component: Designator=R20(0603P)
Added Component: Designator=R21(0603P)
Added Component: Designator=R22(0603P)
Added Component: Designator=R23(0603P)
Added Component: Designator=R24(0603P)
Added Component: Designator=U1(ZLG9021P0-1)
Added Component: Designator=U2(TQFP-100)
Added Component: Designator=U3(AMS1117)
Added Component: Designator=USB1(USB/SM0.8-6H5)
Added Component: Designator=Y1(XTAL_US)
Added Component: Designator=Y2(CRY-32)
Added Pin To Net: NetName=9021_TCK Pin=JTAG1-3
Added Pin To Net: NetName=9021_TCK Pin=R1-1
Added Pin To Net: NetName=9021_TCK Pin=U1-4
Added Net: Name=9021_TCK
Added Pin To Net: NetName=9021_TMS Pin=JTAG1-2
Added Pin To Net: NetName=9021_TMS Pin=R2-1
Added Pin To Net: NetName=9021_TMS Pin=U1-3
Added Net: Name=9021_TMS
Added Pin To Net: NetName=9201_RX0 Pin=P3-3
Added Pin To Net: NetName=9201_RX0 Pin=U1-6
Added Net: Name=9201_RX0
Added Pin To Net: NetName=9201_TX0 Pin=P3-1
Added Pin To Net: NetName=9201_TX0 Pin=U1-7
Added Net: Name=9201_TX0
Added Pin To Net: NetName=A_GND Pin=C14-2
Added Pin To Net: NetName=A_GND Pin=C19-1
Added Pin To Net: NetName=A_GND Pin=L3-2
Added Pin To Net: NetName=A_GND Pin=U2-11
Added Pin To Net: NetName=A_GND Pin=U2-15
Added Net: Name=A_GND
Added Pin To Net: NetName=A_VCC_3V3 Pin=C14-1
Added Pin To Net: NetName=A_VCC_3V3 Pin=C19-2
Added Pin To Net: NetName=A_VCC_3V3 Pin=L2-2
Added Pin To Net: NetName=A_VCC_3V3 Pin=U2-10
Added Net: Name=A_VCC_3V3
Added Pin To Net: NetName=D+ Pin=R11-2
Added Pin To Net: NetName=D+ Pin=R15-1
Added Pin To Net: NetName=D+ Pin=USB1-3
Added Net: Name=D+
Added Pin To Net: NetName=GND Pin=B1-2
Added Pin To Net: NetName=GND Pin=B2-2
Added Pin To Net: NetName=GND Pin=C1-1
Added Pin To Net: NetName=GND Pin=C2-2
Added Pin To Net: NetName=GND Pin=C3-2
Added Pin To Net: NetName=GND Pin=C4-1
Added Pin To Net: NetName=GND Pin=C5-1
Added Pin To Net: NetName=GND Pin=C6-2
Added Pin To Net: NetName=GND Pin=C7-1
Added Pin To Net: NetName=GND Pin=C8-2
Added Pin To Net: NetName=GND Pin=C9-2
Added Pin To Net: NetName=GND Pin=C10-2
Added Pin To Net: NetName=GND Pin=C11-2
Added Pin To Net: NetName=GND Pin=C12-2
Added Pin To Net: NetName=GND Pin=C13-2
Added Pin To Net: NetName=GND Pin=C15-1
Added Pin To Net: NetName=GND Pin=C16-1
Added Pin To Net: NetName=GND Pin=C17-1
Added Pin To Net: NetName=GND Pin=C18-1
Added Pin To Net: NetName=GND Pin=C20-1
Added Pin To Net: NetName=GND Pin=C21-1
Added Pin To Net: NetName=GND Pin=DS5-2
Added Pin To Net: NetName=GND Pin=H2-2
Added Pin To Net: NetName=GND Pin=H2-7
Added Pin To Net: NetName=GND Pin=JTAG1-1
Added Pin To Net: NetName=GND Pin=JTAG2-1
Added Pin To Net: NetName=GND Pin=K1-2
Added Pin To Net: NetName=GND Pin=K2-2
Added Pin To Net: NetName=GND Pin=K3-2
Added Pin To Net: NetName=GND Pin=L3-1
Added Pin To Net: NetName=GND Pin=P4-2
Added Pin To Net: NetName=GND Pin=Q1-1
Added Pin To Net: NetName=GND Pin=R7-2
Added Pin To Net: NetName=GND Pin=R19-2
Added Pin To Net: NetName=GND Pin=U1-10
Added Pin To Net: NetName=GND Pin=U1-10
Added Pin To Net: NetName=GND Pin=U1-11
Added Pin To Net: NetName=GND Pin=U1-11
Added Pin To Net: NetName=GND Pin=U2-31
Added Pin To Net: NetName=GND Pin=U2-41
Added Pin To Net: NetName=GND Pin=U2-55
Added Pin To Net: NetName=GND Pin=U2-72
Added Pin To Net: NetName=GND Pin=U2-83
Added Pin To Net: NetName=GND Pin=U2-97
Added Pin To Net: NetName=GND Pin=U3-1
Added Pin To Net: NetName=GND Pin=USB1-5
Added Net: Name=GND
Added Pin To Net: NetName=ISP Pin=P4-1
Added Pin To Net: NetName=ISP Pin=R21-1
Added Pin To Net: NetName=ISP Pin=U2-53
Added Net: Name=ISP
Added Pin To Net: NetName=KEY0 Pin=B1-1
Added Pin To Net: NetName=KEY0 Pin=U2-6
Added Net: Name=KEY0
Added Pin To Net: NetName=KEY1 Pin=B2-1
Added Pin To Net: NetName=KEY1 Pin=U2-68
Added Net: Name=KEY1
Added Pin To Net: NetName=KEY2 Pin=K3-1
Added Pin To Net: NetName=KEY2 Pin=U2-67
Added Net: Name=KEY2
Added Pin To Net: NetName=KEY3 Pin=K2-1
Added Pin To Net: NetName=KEY3 Pin=U2-66
Added Net: Name=KEY3
Added Pin To Net: NetName=LED0 Pin=R12-1
Added Pin To Net: NetName=LED0 Pin=U2-26
Added Net: Name=LED0
Added Pin To Net: NetName=LED1 Pin=R14-1
Added Pin To Net: NetName=LED1 Pin=U2-27
Added Net: Name=LED1
Added Pin To Net: NetName=LED2 Pin=R16-1
Added Pin To Net: NetName=LED2 Pin=U2-49
Added Net: Name=LED2
Added Pin To Net: NetName=LED3 Pin=R17-1
Added Pin To Net: NetName=LED3 Pin=U2-50
Added Net: Name=LED3
Added Pin To Net: NetName=LPC_RX0 Pin=P2-1
Added Pin To Net: NetName=LPC_RX0 Pin=U2-99
Added Net: Name=LPC_RX0
Added Pin To Net: NetName=LPC_RX1 Pin=P3-2
Added Pin To Net: NetName=LPC_RX1 Pin=U2-74
Added Net: Name=LPC_RX1
Added Pin To Net: NetName=LPC_TX0 Pin=P2-2
Added Pin To Net: NetName=LPC_TX0 Pin=U2-98
Added Net: Name=LPC_TX0
Added Pin To Net: NetName=LPC_TX1 Pin=P3-4
Added Pin To Net: NetName=LPC_TX1 Pin=U2-75
Added Net: Name=LPC_TX1
Added Pin To Net: NetName=MPU6050_INT0 Pin=H2-8
Added Pin To Net: NetName=MPU6050_INT0 Pin=U1-5
Added Pin To Net: NetName=MPU6050_INT0 Pin=U2-76
Added Net: Name=MPU6050_INT0
Added Pin To Net: NetName=NetBAT1_1 Pin=BAT1-1
Added Pin To Net: NetName=NetBAT1_1 Pin=L1-1
Added Pin To Net: NetName=NetBAT1_1 Pin=R18-1
Added Net: Name=NetBAT1_1
Added Pin To Net: NetName=NetBAT1_2 Pin=BAT1-2
Added Pin To Net: NetName=NetBAT1_2 Pin=Q1-3
Added Net: Name=NetBAT1_2
Added Pin To Net: NetName=NetC2_1 Pin=C2-1
Added Pin To Net: NetName=NetC2_1 Pin=C4-2
Added Pin To Net: NetName=NetC2_1 Pin=U3-3
Added Pin To Net: NetName=NetC2_1 Pin=USB1-1
Added Net: Name=NetC2_1
Added Pin To Net: NetName=NetC3_1 Pin=C3-1
Added Pin To Net: NetName=NetC3_1 Pin=C5-2
Added Pin To Net: NetName=NetC3_1 Pin=H1-2
Added Pin To Net: NetName=NetC3_1 Pin=U3-2
Added Pin To Net: NetName=NetC3_1 Pin=U3-4
Added Net: Name=NetC3_1
Added Pin To Net: NetName=NetDS1_2 Pin=DS1-2
Added Pin To Net: NetName=NetDS1_2 Pin=R12-2
Added Net: Name=NetDS1_2
Added Pin To Net: NetName=NetDS2_2 Pin=DS2-2
Added Pin To Net: NetName=NetDS2_2 Pin=R14-2
Added Net: Name=NetDS2_2
Added Pin To Net: NetName=NetDS3_2 Pin=DS3-2
Added Pin To Net: NetName=NetDS3_2 Pin=R16-2
Added Net: Name=NetDS3_2
Added Pin To Net: NetName=NetDS4_2 Pin=DS4-2
Added Pin To Net: NetName=NetDS4_2 Pin=R17-2
Added Net: Name=NetDS4_2
Added Pin To Net: NetName=NetDS5_1 Pin=DS5-1
Added Pin To Net: NetName=NetDS5_1 Pin=R20-2
Added Net: Name=NetDS5_1
Added Pin To Net: NetName=NetJTAG1_4 Pin=JTAG1-4
Added Pin To Net: NetName=NetJTAG1_4 Pin=R3-1
Added Net: Name=NetJTAG1_4
Added Pin To Net: NetName=NetMOS1_1 Pin=MOS1-1
Added Pin To Net: NetName=NetMOS1_1 Pin=R9-2
Added Pin To Net: NetName=NetMOS1_1 Pin=R10-2
Added Net: Name=NetMOS1_1
Added Pin To Net: NetName=NetMOS1_3 Pin=MOS1-3
Added Pin To Net: NetName=NetMOS1_3 Pin=R11-1
Added Net: Name=NetMOS1_3
Added Pin To Net: NetName=NetQ1_2 Pin=Q1-2
Added Pin To Net: NetName=NetQ1_2 Pin=R18-2
Added Pin To Net: NetName=NetQ1_2 Pin=R19-1
Added Net: Name=NetQ1_2
Added Pin To Net: NetName=NetR13_1 Pin=R13-1
Added Pin To Net: NetName=NetR13_1 Pin=USB1-2
Added Net: Name=NetR13_1
Added Pin To Net: NetName=OSC_32K_IN Pin=C21-2
Added Pin To Net: NetName=OSC_32K_IN Pin=U2-16
Added Pin To Net: NetName=OSC_32K_IN Pin=Y2-1
Added Net: Name=OSC_32K_IN
Added Pin To Net: NetName=OSC_32K_OUT Pin=C20-2
Added Pin To Net: NetName=OSC_32K_OUT Pin=U2-18
Added Pin To Net: NetName=OSC_32K_OUT Pin=Y2-2
Added Net: Name=OSC_32K_OUT
Added Pin To Net: NetName=OSC_IN Pin=C15-2
Added Pin To Net: NetName=OSC_IN Pin=R23-1
Added Pin To Net: NetName=OSC_IN Pin=U2-22
Added Pin To Net: NetName=OSC_IN Pin=Y1-2
Added Net: Name=OSC_IN
Added Pin To Net: NetName=OSC_OUT Pin=C16-2
Added Pin To Net: NetName=OSC_OUT Pin=R23-2
Added Pin To Net: NetName=OSC_OUT Pin=U2-23
Added Pin To Net: NetName=OSC_OUT Pin=Y1-1
Added Net: Name=OSC_OUT
Added Pin To Net: NetName=P2_9 Pin=R9-1
Added Pin To Net: NetName=P2_9 Pin=U2-64
Added Net: Name=P2_9
Added Pin To Net: NetName=RESET Pin=C1-2
Added Pin To Net: NetName=RESET Pin=K1-1
Added Pin To Net: NetName=RESET Pin=R3-2
Added Pin To Net: NetName=RESET Pin=R4-1
Added Pin To Net: NetName=RESET Pin=R8-2
Added Pin To Net: NetName=RESET Pin=U1-20
Added Pin To Net: NetName=RESET Pin=U2-17
Added Net: Name=RESET
Added Pin To Net: NetName=RX1 Pin=P1-1
Added Pin To Net: NetName=RX1 Pin=U1-15
Added Net: Name=RX1
Added Pin To Net: NetName=SCL0 Pin=H2-3
Added Pin To Net: NetName=SCL0 Pin=R22-1
Added Pin To Net: NetName=SCL0 Pin=U2-24
Added Net: Name=SCL0
Added Pin To Net: NetName=SDA0 Pin=H2-4
Added Pin To Net: NetName=SDA0 Pin=R24-1
Added Pin To Net: NetName=SDA0 Pin=U2-25
Added Net: Name=SDA0
Added Pin To Net: NetName=TCK Pin=JTAG2-3
Added Pin To Net: NetName=TCK Pin=R7-1
Added Pin To Net: NetName=TCK Pin=U2-5
Added Net: Name=TCK
Added Pin To Net: NetName=TMS Pin=JTAG2-2
Added Pin To Net: NetName=TMS Pin=R6-1
Added Pin To Net: NetName=TMS Pin=U2-3
Added Net: Name=TMS
Added Pin To Net: NetName=TRST Pin=JTAG2-4
Added Pin To Net: NetName=TRST Pin=R8-1
Added Net: Name=TRST
Added Pin To Net: NetName=TX1 Pin=P1-2
Added Pin To Net: NetName=TX1 Pin=U1-14
Added Net: Name=TX1
Added Pin To Net: NetName=USB_D+ Pin=R15-2
Added Pin To Net: NetName=USB_D+ Pin=U2-29
Added Net: Name=USB_D+
Added Pin To Net: NetName=USB_D- Pin=R13-2
Added Pin To Net: NetName=USB_D- Pin=U2-30
Added Net: Name=USB_D-
Added Pin To Net: NetName=VCC_3V3 Pin=C6-1
Added Pin To Net: NetName=VCC_3V3 Pin=C7-2
Added Pin To Net: NetName=VCC_3V3 Pin=C8-1
Added Pin To Net: NetName=VCC_3V3 Pin=C9-1
Added Pin To Net: NetName=VCC_3V3 Pin=C10-1
Added Pin To Net: NetName=VCC_3V3 Pin=C11-1
Added Pin To Net: NetName=VCC_3V3 Pin=C12-1
Added Pin To Net: NetName=VCC_3V3 Pin=C13-1
Added Pin To Net: NetName=VCC_3V3 Pin=C17-2
Added Pin To Net: NetName=VCC_3V3 Pin=C18-2
Added Pin To Net: NetName=VCC_3V3 Pin=DS1-1
Added Pin To Net: NetName=VCC_3V3 Pin=DS2-1
Added Pin To Net: NetName=VCC_3V3 Pin=DS3-1
Added Pin To Net: NetName=VCC_3V3 Pin=DS4-1
Added Pin To Net: NetName=VCC_3V3 Pin=H1-3
Added Pin To Net: NetName=VCC_3V3 Pin=H2-1
Added Pin To Net: NetName=VCC_3V3 Pin=JTAG2-5
Added Pin To Net: NetName=VCC_3V3 Pin=L1-2
Added Pin To Net: NetName=VCC_3V3 Pin=L2-1
Added Pin To Net: NetName=VCC_3V3 Pin=MOS1-2
Added Pin To Net: NetName=VCC_3V3 Pin=R4-2
Added Pin To Net: NetName=VCC_3V3 Pin=R5-2
Added Pin To Net: NetName=VCC_3V3 Pin=R6-2
Added Pin To Net: NetName=VCC_3V3 Pin=R10-1
Added Pin To Net: NetName=VCC_3V3 Pin=R20-1
Added Pin To Net: NetName=VCC_3V3 Pin=R21-2
Added Pin To Net: NetName=VCC_3V3 Pin=R22-2
Added Pin To Net: NetName=VCC_3V3 Pin=R24-2
Added Pin To Net: NetName=VCC_3V3 Pin=U2-28
Added Pin To Net: NetName=VCC_3V3 Pin=U2-42
Added Pin To Net: NetName=VCC_3V3 Pin=U2-54
Added Pin To Net: NetName=VCC_3V3 Pin=U2-71
Added Pin To Net: NetName=VCC_3V3 Pin=U2-84
Added Pin To Net: NetName=VCC_3V3 Pin=U2-96
Added Net: Name=VCC_3V3
Added Pin To Net: NetName=VCC_BLE Pin=JTAG1-5
Added Pin To Net: NetName=VCC_BLE Pin=R1-2
Added Pin To Net: NetName=VCC_BLE Pin=R2-2
Added Pin To Net: NetName=VCC_BLE Pin=R5-1
Added Pin To Net: NetName=VCC_BLE Pin=U1-8
Added Pin To Net: NetName=VCC_BLE Pin=U1-9
Added Net: Name=VCC_BLE
Added Class: Name=Mouse_Send_SCH
Added Room: Name=Mouse_Send_SCH
