Change Component Designator: OldDesignator=C15 NewDesignator=C14
Change Component Designator: OldDesignator=C16 NewDesignator=C15
Change Component Designator: OldDesignator=C17 NewDesignator=C16
Change Component Designator: OldDesignator=C18 NewDesignator=C17
Change Component Designator: OldDesignator=C19 NewDesignator=C18
Change Component Designator: OldDesignator=C20 NewDesignator=C19
Change Component Designator: OldDesignator=C21 NewDesignator=C20
Change Component Designator: OldDesignator=C22 NewDesignator=C21
Change Component Designator: OldDesignator=R9 NewDesignator=R12
Change Component Designator: OldDesignator=R10 NewDesignator=R13
Change Component Designator: OldDesignator=R11 NewDesignator=R14
Change Component Designator: OldDesignator=R12 NewDesignator=R15
Change Component Designator: OldDesignator=R13 NewDesignator=R16
Change Component Designator: OldDesignator=R14 NewDesignator=R17
Change Component Designator: OldDesignator=R15 NewDesignator=R18
Change Component Designator: OldDesignator=R16 NewDesignator=R19
Change Component Designator: OldDesignator=R17 NewDesignator=R20
Change Component Designator: OldDesignator=R18 NewDesignator=R21
Change Component Designator: OldDesignator=R19 NewDesignator=R22
Change Component Designator: OldDesignator=R20 NewDesignator=R23
Change Component Designator: OldDesignator=R21 NewDesignator=R24
Added Component: Designator=MOS1(SOT-23)
Added Component: Designator=R9(0603P)
Added Component: Designator=R10(0603P)
Added Component: Designator=R11(0603P)
Added Pin To Net: NetName=VCC_3V3 Pin=MOS1-2
Added Pin To Net: NetName=VCC_3V3 Pin=R10-1
Change Net Name : Old Net Name=NetR10_1 New Net Name=NetR13_1
Added Pin To Net: NetName=D+ Pin=R11-2
Added Pin To Net: NetName=D+ Pin=R15-1
Added Pin To Net: NetName=D+ Pin=USB1-3
Added Net: Name=D+
Added Pin To Net: NetName=NetMOS1_1 Pin=MOS1-1
Added Pin To Net: NetName=NetMOS1_1 Pin=R9-2
Added Pin To Net: NetName=NetMOS1_1 Pin=R10-2
Added Net: Name=NetMOS1_1
Added Pin To Net: NetName=NetMOS1_3 Pin=MOS1-3
Added Pin To Net: NetName=NetMOS1_3 Pin=R11-1
Added Net: Name=NetMOS1_3
Added Pin To Net: NetName=P2_9 Pin=R9-1
Added Pin To Net: NetName=P2_9 Pin=U2-64
Added Net: Name=P2_9
Added Member To Class: ClassName=Mouse_Send_SCH Member=Component MOS1 SI2301
Added Member To Class: ClassName=Mouse_Send_SCH Member=Component R22 4.7K
Added Member To Class: ClassName=Mouse_Send_SCH Member=Component R23 1M
Added Member To Class: ClassName=Mouse_Send_SCH Member=Component R24 4.7K
Added Room: Name=Mouse_Send_SCH
