Removed Pin From Net: NetName=RESET Pin=JTAG1-4
Change Component Designator: OldDesignator=R1 NewDesignator=R4
Change Component Designator: OldDesignator=R2 NewDesignator=R5
Change Component Designator: OldDesignator=R3 NewDesignator=R6
Change Component Designator: OldDesignator=R4 NewDesignator=R7
Change Component Designator: OldDesignator=R5 NewDesignator=R8
Change Component Designator: OldDesignator=R6 NewDesignator=R9
Change Component Designator: OldDesignator=R7 NewDesignator=R10
Change Component Designator: OldDesignator=R8 NewDesignator=R11
Change Component Designator: OldDesignator=R9 NewDesignator=R12
Change Component Designator: OldDesignator=R10 NewDesignator=R13
Change Component Designator: OldDesignator=R11 NewDesignator=R14
Change Component Designator: OldDesignator=R12 NewDesignator=R15
Change Component Designator: OldDesignator=R13 NewDesignator=R16
Change Component Designator: OldDesignator=R14 NewDesignator=R17
Change Component Designator: OldDesignator=R15 NewDesignator=R18
Change Component Designator: OldDesignator=R16 NewDesignator=R19
Change Component Designator: OldDesignator=R17 NewDesignator=R20
Change Component Designator: OldDesignator=R18 NewDesignator=R21
Change Component Designator: OldDesignator=R19 NewDesignator=R22
Change Component Designator: OldDesignator=R20 NewDesignator=R23
Added Component: Designator=R1(0603P)
Added Component: Designator=R2(0603P)
Added Component: Designator=R3(0603P)
Added Pin To Net: NetName=9021_TCK Pin=R1-1
Added Pin To Net: NetName=VCC_BLE Pin=R1-2
Added Pin To Net: NetName=9021_TMS Pin=R2-1
Added Pin To Net: NetName=VCC_BLE Pin=R2-2
Added Pin To Net: NetName=RESET Pin=R3-2
Change Net Name : Old Net Name=NetR7_1 New Net Name=NetR10_1
Change Net Name : Old Net Name=NetR9_1 New Net Name=NetR12_1
Added Pin To Net: NetName=NetJTAG1_4 Pin=JTAG1-4
Added Pin To Net: NetName=NetJTAG1_4 Pin=R3-1
Added Net: Name=NetJTAG1_4
Added Member To Class: ClassName=Mouse_Send_SCH Member=Component R21 4.7K
Added Member To Class: ClassName=Mouse_Send_SCH Member=Component R22 4.7K
Added Member To Class: ClassName=Mouse_Send_SCH Member=Component R23 4.7K
Added Room: Name=Mouse_Send_SCH
